<?xml version="1.0" encoding="UTF-8"?>
<!-- Generated by org.testng.reporters.JUnitXMLReporter -->
<testsuite ignored="0" hostname="DESKTOP-53U1R5L" failures="0" tests="2" name="Default test" time="44.414" errors="0" timestamp="2020-07-20T11:08:51 IST">
  <testcase classname="com.UIAutomation.Demo.MyStore_tests" name="AddLessPriceItemToCart" time="15.288"/>
  <testcase classname="com.UIAutomation.Demo.MyStore_tests" name="ValidateDiscountEqualsToOriginal" time="0.357"/>
</testsuite> <!-- Default test -->
